<?xml version="1.0" encoding="UTF-8"?>
<robot generator="Robot 3.1.2 (Python 3.7.7 on win32)" generated="20200514 14:39:13.060" rpa="false">
<suite id="s1" name="TC 010 ReadLocators From Json" source="C:\Users\piroo\PycharmProjects\RobotAutomation\TestCases\TC_010_ReadLocators_From_Json.robot">
<test id="s1-t1" name="Robot First Test Case">
<kw name="Open Browser" library="SeleniumLibrary">
<doc>Opens a new browser instance to the optional ``url``.</doc>
<arguments>
<arg>${Url}</arg>
<arg>${Browser}</arg>
</arguments>
<msg timestamp="20200514 14:39:15.408" level="INFO">Opening browser 'Chrome' to base url 'http://www.thetestingworld.com/testings'.</msg>
<status status="PASS" starttime="20200514 14:39:15.407" endtime="20200514 14:39:22.696"></status>
</kw>
<kw name="Read Element Locator">
<arguments>
<arg>Registration.username_textbox_name</arg>
</arguments>
<assign>
<var>${username}</var>
</assign>
<kw name="Read Locator From Json" library="Locators">
<arguments>
<arg>${JsonPath}</arg>
</arguments>
<assign>
<var>${result}</var>
</assign>
<msg timestamp="20200514 14:39:22.698" level="INFO">${result} = fld_username</msg>
<status status="PASS" starttime="20200514 14:39:22.697" endtime="20200514 14:39:22.698"></status>
</kw>
<msg timestamp="20200514 14:39:22.699" level="INFO">${username} = fld_username</msg>
<status status="PASS" starttime="20200514 14:39:22.697" endtime="20200514 14:39:22.699"></status>
</kw>
<kw name="Input Text" library="SeleniumLibrary">
<doc>Types the given ``text`` into the text field identified by ``locator``.</doc>
<arguments>
<arg>name:${username}</arg>
<arg>Testing</arg>
</arguments>
<msg timestamp="20200514 14:39:22.699" level="INFO">Typing text 'Testing' into text field 'name:fld_username'.</msg>
<status status="PASS" starttime="20200514 14:39:22.699" endtime="20200514 14:39:22.932"></status>
</kw>
<kw name="Read Element Locator">
<arguments>
<arg>Registration.password_textbox_name</arg>
</arguments>
<assign>
<var>${password}</var>
</assign>
<kw name="Read Locator From Json" library="Locators">
<arguments>
<arg>${JsonPath}</arg>
</arguments>
<assign>
<var>${result}</var>
</assign>
<msg timestamp="20200514 14:39:22.933" level="INFO">${result} = fld_password</msg>
<status status="PASS" starttime="20200514 14:39:22.933" endtime="20200514 14:39:22.933"></status>
</kw>
<msg timestamp="20200514 14:39:22.933" level="INFO">${password} = fld_password</msg>
<status status="PASS" starttime="20200514 14:39:22.932" endtime="20200514 14:39:22.933"></status>
</kw>
<kw name="Input Text" library="SeleniumLibrary">
<doc>Types the given ``text`` into the text field identified by ``locator``.</doc>
<arguments>
<arg>name:${password}</arg>
<arg>123456</arg>
</arguments>
<msg timestamp="20200514 14:39:22.934" level="INFO">Typing text '123456' into text field 'name:fld_password'.</msg>
<status status="PASS" starttime="20200514 14:39:22.933" endtime="20200514 14:39:23.064"></status>
</kw>
<kw name="Input Text" library="SeleniumLibrary">
<doc>Types the given ``text`` into the text field identified by ``locator``.</doc>
<arguments>
<arg>name:fld_email</arg>
<arg>testingworldindia@gmail.com</arg>
</arguments>
<msg timestamp="20200514 14:39:23.065" level="INFO">Typing text 'testingworldindia@gmail.com' into text field 'name:fld_email'.</msg>
<status status="PASS" starttime="20200514 14:39:23.064" endtime="20200514 14:39:23.222"></status>
</kw>
<tags>
<tag>Smoke</tag>
</tags>
<status status="PASS" starttime="20200514 14:39:15.406" endtime="20200514 14:39:23.222" critical="yes"></status>
</test>
<test id="s1-t2" name="Robot Next Test Case">
<kw name="Select Radio Button" library="SeleniumLibrary">
<doc>Sets the radio button group ``group_name`` to ``value``.</doc>
<arguments>
<arg>add_type</arg>
<arg>office</arg>
</arguments>
<msg timestamp="20200514 14:39:23.225" level="INFO">Selecting 'office' from radio button 'add_type'.</msg>
<status status="PASS" starttime="20200514 14:39:23.225" endtime="20200514 14:39:23.294"></status>
</kw>
<status status="PASS" starttime="20200514 14:39:23.224" endtime="20200514 14:39:23.294" critical="yes"></status>
</test>
<status status="PASS" starttime="20200514 14:39:13.064" endtime="20200514 14:39:23.296"></status>
</suite>
<statistics>
<total>
<stat pass="2" fail="0">Critical Tests</stat>
<stat pass="2" fail="0">All Tests</stat>
</total>
<tag>
<stat pass="1" fail="0">Smoke</stat>
</tag>
<suite>
<stat pass="2" fail="0" id="s1" name="TC 010 ReadLocators From Json">TC 010 ReadLocators From Json</stat>
</suite>
</statistics>
<errors>
</errors>
</robot>
