<?xml version="1.0" encoding="UTF-8"?>
<robot generator="Robot 3.1.2 (Python 3.7.7 on win32)" generated="20200512 17:59:58.288" rpa="false">
<suite id="s1" name="TC 003 BDD" source="C:\Users\piroo\PycharmProjects\RobotAutomation\TestCases\BDD\TC_003_BDD.robot">
<test id="s1-t1" name="Test Case in BDD Format">
<kw name="Given Start Browser and Maximize" library="Resources_For_TC_006-9">
<kw name="Open Browser" library="SeleniumLibrary">
<doc>Opens a new browser instance to the optional ``url``.</doc>
<arguments>
<arg>https://www.thetestingworld.com/testings</arg>
<arg>Chrome</arg>
</arguments>
<msg timestamp="20200512 17:59:58.840" level="INFO">Opening browser 'Chrome' to base url 'https://www.thetestingworld.com/testings'.</msg>
<status status="PASS" starttime="20200512 17:59:58.840" endtime="20200512 18:00:05.159"></status>
</kw>
<kw name="Maximize Browser Window" library="SeleniumLibrary">
<doc>Maximizes current browser window.</doc>
<status status="PASS" starttime="20200512 18:00:05.159" endtime="20200512 18:00:06.281"></status>
</kw>
<status status="PASS" starttime="20200512 17:59:58.840" endtime="20200512 18:00:06.281"></status>
</kw>
<kw name="When Create Folder at Runtime" library="Resources_For_TC_006-9">
<arguments>
<arg>ABCD</arg>
<arg>XYZM</arg>
</arguments>
<kw name="Create Folder" library="UserKeywords">
<arguments>
<arg>${foldername}</arg>
</arguments>
<status status="PASS" starttime="20200512 18:00:06.282" endtime="20200512 18:00:06.311"></status>
</kw>
<kw name="Create Sub Folder" library="UserKeywords">
<arguments>
<arg>${subfoldername}</arg>
</arguments>
<status status="PASS" starttime="20200512 18:00:06.311" endtime="20200512 18:00:06.311"></status>
</kw>
<kw name="Log" library="BuiltIn">
<doc>Logs the given message with the given level.</doc>
<arguments>
<arg>"Task Done Successfully"</arg>
</arguments>
<msg timestamp="20200512 18:00:06.312" level="INFO">"Task Done Successfully"</msg>
<status status="PASS" starttime="20200512 18:00:06.311" endtime="20200512 18:00:06.312"></status>
</kw>
<status status="PASS" starttime="20200512 18:00:06.282" endtime="20200512 18:00:06.312"></status>
</kw>
<kw name="Then concatenate Username and Password" library="Resources_For_TC_006-9">
<arguments>
<arg>Testing</arg>
<arg>World</arg>
</arguments>
<kw name="Concatenate Two Values" library="UserKeywords">
<arguments>
<arg>${username}</arg>
<arg>${password}</arg>
</arguments>
<assign>
<var>${resultval}</var>
</assign>
<msg timestamp="20200512 18:00:06.313" level="INFO">${resultval} = Testing World</msg>
<status status="PASS" starttime="20200512 18:00:06.313" endtime="20200512 18:00:06.313"></status>
</kw>
<kw name="Log" library="BuiltIn">
<doc>Logs the given message with the given level.</doc>
<arguments>
<arg>${resultval}</arg>
</arguments>
<msg timestamp="20200512 18:00:06.313" level="INFO">Testing World</msg>
<status status="PASS" starttime="20200512 18:00:06.313" endtime="20200512 18:00:06.313"></status>
</kw>
<status status="PASS" starttime="20200512 18:00:06.312" endtime="20200512 18:00:06.313"></status>
</kw>
<status status="PASS" starttime="20200512 17:59:58.839" endtime="20200512 18:00:06.314" critical="yes"></status>
</test>
<status status="PASS" starttime="20200512 17:59:58.289" endtime="20200512 18:00:06.317"></status>
</suite>
<statistics>
<total>
<stat pass="1" fail="0">Critical Tests</stat>
<stat pass="1" fail="0">All Tests</stat>
</total>
<tag>
</tag>
<suite>
<stat pass="1" fail="0" id="s1" name="TC 003 BDD">TC 003 BDD</stat>
</suite>
</statistics>
<errors>
</errors>
</robot>
